0 info it worked if it ends with ok
1 verbose cli [ 'C:\\Program Files\\nodejs\\node.exe',
1 verbose cli   'C:\\Program Files\\nodejs\\node_modules\\npm\\bin\\npm-cli.js',
1 verbose cli   'install' ]
2 info using npm@3.10.3
3 info using node@v6.5.0
4 silly loadCurrentTree Starting
5 silly install loadCurrentTree
6 silly install readLocalPackageData
7 silly install normalizeTree
8 silly loadCurrentTree Finishing
9 silly loadIdealTree Starting
10 silly install loadIdealTree
11 silly cloneCurrentTree Starting
12 silly install cloneCurrentTreeToIdealTree
13 silly cloneCurrentTree Finishing
14 silly loadShrinkwrap Starting
15 silly install loadShrinkwrap
16 silly loadShrinkwrap Finishing
17 silly loadAllDepsIntoIdealTree Starting
18 silly install loadAllDepsIntoIdealTree
19 silly fetchNamedPackageData bespoke-bullets
20 silly mapToRegistry name bespoke-bullets
21 silly mapToRegistry using default registry
22 silly mapToRegistry registry https://registry.npmjs.org/
23 silly mapToRegistry data Result {
23 silly mapToRegistry   raw: 'bespoke-bullets',
23 silly mapToRegistry   scope: null,
23 silly mapToRegistry   escapedName: 'bespoke-bullets',
23 silly mapToRegistry   name: 'bespoke-bullets',
23 silly mapToRegistry   rawSpec: '',
23 silly mapToRegistry   spec: 'latest',
23 silly mapToRegistry   type: 'tag' }
24 silly mapToRegistry uri https://registry.npmjs.org/bespoke-bullets
25 verbose request uri https://registry.npmjs.org/bespoke-bullets
26 verbose request no auth needed
27 info attempt registry request try #1 at 9:31:32 PM
28 verbose request id 232e04c592838351
29 verbose etag W/"5702e09f-25fa"
30 verbose lastModified Mon, 04 Apr 2016 21:46:07 GMT
31 http request GET https://registry.npmjs.org/bespoke-bullets
32 http 304 https://registry.npmjs.org/bespoke-bullets
33 verbose headers { date: 'Wed, 19 Apr 2017 01:31:31 GMT',
33 verbose headers   via: '1.1 varnish',
33 verbose headers   'cache-control': 'max-age=300',
33 verbose headers   etag: 'W/"5702e09f-25fa"',
33 verbose headers   age: '0',
33 verbose headers   connection: 'keep-alive',
33 verbose headers   'x-served-by': 'cache-jfk8130-JFK',
33 verbose headers   'x-cache': 'MISS',
33 verbose headers   'x-cache-hits': '0',
33 verbose headers   'x-timer': 'S1492565492.756653,VS0,VE8',
33 verbose headers   vary: 'Accept-Encoding' }
34 silly get cb [ 304,
34 silly get   { date: 'Wed, 19 Apr 2017 01:31:31 GMT',
34 silly get     via: '1.1 varnish',
34 silly get     'cache-control': 'max-age=300',
34 silly get     etag: 'W/"5702e09f-25fa"',
34 silly get     age: '0',
34 silly get     connection: 'keep-alive',
34 silly get     'x-served-by': 'cache-jfk8130-JFK',
34 silly get     'x-cache': 'MISS',
34 silly get     'x-cache-hits': '0',
34 silly get     'x-timer': 'S1492565492.756653,VS0,VE8',
34 silly get     vary: 'Accept-Encoding' } ]
35 verbose etag https://registry.npmjs.org/bespoke-bullets from cache
36 verbose get saving bespoke-bullets to C:\Users\alexa\AppData\Roaming\npm-cache\registry.npmjs.org\bespoke-bullets\.cache.json
37 verbose correctMkdir C:\Users\alexa\AppData\Roaming\npm-cache correctMkdir not in flight; initializing
38 silly resolveWithNewModule bespoke-bullets@1.1.0 checking installable status
39 silly cache add args [ 'bespoke-bullets@^1.0.0', null ]
40 verbose cache add spec bespoke-bullets@^1.0.0
41 silly cache add parsed spec Result {
41 silly cache add   raw: 'bespoke-bullets@^1.0.0',
41 silly cache add   scope: null,
41 silly cache add   escapedName: 'bespoke-bullets',
41 silly cache add   name: 'bespoke-bullets',
41 silly cache add   rawSpec: '^1.0.0',
41 silly cache add   spec: '>=1.0.0 <2.0.0',
41 silly cache add   type: 'range' }
42 silly addNamed bespoke-bullets@>=1.0.0 <2.0.0
43 verbose addNamed ">=1.0.0 <2.0.0" is a valid semver range for bespoke-bullets
44 silly addNameRange { name: 'bespoke-bullets',
44 silly addNameRange   range: '>=1.0.0 <2.0.0',
44 silly addNameRange   hasData: false }
45 silly mapToRegistry name bespoke-bullets
46 silly mapToRegistry using default registry
47 silly mapToRegistry registry https://registry.npmjs.org/
48 silly mapToRegistry data Result {
48 silly mapToRegistry   raw: 'bespoke-bullets',
48 silly mapToRegistry   scope: null,
48 silly mapToRegistry   escapedName: 'bespoke-bullets',
48 silly mapToRegistry   name: 'bespoke-bullets',
48 silly mapToRegistry   rawSpec: '',
48 silly mapToRegistry   spec: 'latest',
48 silly mapToRegistry   type: 'tag' }
49 silly mapToRegistry uri https://registry.npmjs.org/bespoke-bullets
50 verbose addNameRange registry:https://registry.npmjs.org/bespoke-bullets not in flight; fetching
51 verbose get https://registry.npmjs.org/bespoke-bullets not expired, no request
52 silly addNameRange number 2 { name: 'bespoke-bullets',
52 silly addNameRange   range: '>=1.0.0 <2.0.0',
52 silly addNameRange   hasData: true }
53 silly addNameRange versions [ 'bespoke-bullets',
53 silly addNameRange   [ '0.2.1', '1.0.0-beta', '1.0.0', '1.1.0' ] ]
54 silly addNamed bespoke-bullets@1.1.0
55 verbose addNamed "1.1.0" is a plain semver version for bespoke-bullets
56 silly cache afterAdd bespoke-bullets@1.1.0
57 verbose afterAdd C:\Users\alexa\AppData\Roaming\npm-cache\bespoke-bullets\1.1.0\package\package.json not in flight; writing
58 verbose correctMkdir C:\Users\alexa\AppData\Roaming\npm-cache correctMkdir not in flight; initializing
59 verbose afterAdd C:\Users\alexa\AppData\Roaming\npm-cache\bespoke-bullets\1.1.0\package\package.json written
60 silly loadAllDepsIntoIdealTree Finishing
61 silly loadIdealTree Finishing
62 silly currentTree presentation-usa-today@0.0.0
62 silly currentTree +-- abbrev@1.0.9
62 silly currentTree +-- accepts@1.2.13
62 silly currentTree +-- accord@0.12.0
62 silly currentTree | +-- glob@4.5.3
62 silly currentTree | +-- lodash@2.4.2
62 silly currentTree | +-- minimatch@2.0.10
62 silly currentTree | `-- resolve@0.7.4
62 silly currentTree +-- acorn@4.0.11
62 silly currentTree +-- ajv@4.11.7
62 silly currentTree +-- amdefine@1.0.1
62 silly currentTree +-- ansi-regex@2.1.1
62 silly currentTree +-- ansi-styles@0.2.0
62 silly currentTree +-- ansicolors@0.2.1
62 silly currentTree +-- archy@0.0.2
62 silly currentTree +-- argparse@1.0.9
62 silly currentTree +-- arr-diff@2.0.0
62 silly currentTree +-- arr-flatten@1.0.3
62 silly currentTree +-- array-differ@1.0.0
62 silly currentTree +-- array-find-index@1.0.2
62 silly currentTree +-- array-union@1.0.2
62 silly currentTree +-- array-uniq@1.0.3
62 silly currentTree +-- array-unique@0.2.1
62 silly currentTree +-- asn1@0.1.11
62 silly currentTree +-- assert-plus@0.1.5
62 silly currentTree +-- assert@1.1.2
62 silly currentTree +-- astw@2.2.0
62 silly currentTree +-- async@0.2.10
62 silly currentTree +-- asynckit@0.4.0
62 silly currentTree +-- autoprefixer@1.1.20140605
62 silly currentTree +-- aws-sign@0.3.0
62 silly currentTree +-- aws-sign2@0.6.0
62 silly currentTree +-- aws4@1.6.0
62 silly currentTree +-- balanced-match@0.4.2
62 silly currentTree +-- base64-js@0.0.8
62 silly currentTree +-- base64-url@1.2.1
62 silly currentTree +-- Base64@0.2.1
62 silly currentTree +-- basic-auth-connect@1.0.0
62 silly currentTree +-- basic-auth@1.0.4
62 silly currentTree +-- batch@0.5.3
62 silly currentTree +-- bcrypt-pbkdf@1.0.1
62 silly currentTree +-- beeper@1.1.1
62 silly currentTree +-- bespoke-classes@1.0.0
62 silly currentTree +-- bespoke-keys@1.1.0
62 silly currentTree +-- bespoke-scale@1.0.1
62 silly currentTree +-- bespoke-touch@1.0.0
62 silly currentTree +-- bespoke@1.1.0
62 silly currentTree +-- binary@0.3.0
62 silly currentTree +-- block-stream@0.0.9
62 silly currentTree +-- body-parser@1.13.3
62 silly currentTree | `-- qs@4.0.0
62 silly currentTree +-- boom@0.4.2
62 silly currentTree +-- bower-config@0.5.2
62 silly currentTree | `-- mout@0.9.1
62 silly currentTree +-- bower-endpoint-parser@0.2.2
62 silly currentTree +-- bower-json@0.4.0
62 silly currentTree +-- bower-logger@0.2.2
62 silly currentTree +-- bower-registry-client@0.1.6
62 silly currentTree | +-- bower-config@0.4.5
62 silly currentTree | `-- mout@0.6.0
62 silly currentTree +-- bower@1.2.8
62 silly currentTree +-- brace-expansion@1.1.7
62 silly currentTree +-- braces@1.8.5
62 silly currentTree +-- browser-pack@2.0.1
62 silly currentTree | `-- JSONStream@0.6.4
62 silly currentTree |   `-- through@2.2.7
62 silly currentTree +-- browser-resolve@1.2.4
62 silly currentTree | `-- resolve@0.6.3
62 silly currentTree +-- browserify-shim@2.0.10
62 silly currentTree +-- browserify-zlib@0.1.4
62 silly currentTree +-- browserify@3.46.1
62 silly currentTree | +-- punycode@1.2.4
62 silly currentTree | +-- readable-stream@1.0.34
62 silly currentTree | | `-- string_decoder@0.10.31
62 silly currentTree | +-- resolve@0.6.3
62 silly currentTree | +-- string_decoder@0.0.1
62 silly currentTree | +-- through2@0.4.2
62 silly currentTree | | `-- xtend@2.1.2
62 silly currentTree | `-- xtend@3.0.0
62 silly currentTree +-- buffer-shims@1.0.0
62 silly currentTree +-- buffer@2.1.13
62 silly currentTree +-- buffers@0.1.1
62 silly currentTree +-- bufferstreams@0.0.1
62 silly currentTree +-- builtin-modules@1.1.1
62 silly currentTree +-- builtins@0.0.7
62 silly currentTree +-- bytes@2.1.0
62 silly currentTree +-- callsite@1.0.0
62 silly currentTree +-- camelcase-keys@2.1.0
62 silly currentTree +-- camelcase@2.1.1
62 silly currentTree +-- cardinal@0.4.4
62 silly currentTree +-- caseless@0.12.0
62 silly currentTree +-- chainsaw@0.1.0
62 silly currentTree +-- chalk@0.2.1
62 silly currentTree +-- character-parser@1.2.0
62 silly currentTree +-- chmodr@0.1.2
62 silly currentTree +-- cli-color@0.2.3
62 silly currentTree +-- clone-stats@0.0.1
62 silly currentTree +-- clone@1.0.2
62 silly currentTree +-- co@4.6.0
62 silly currentTree +-- collections@0.2.2
62 silly currentTree +-- combine-source-map@0.3.0
62 silly currentTree +-- combined-stream@0.0.7
62 silly currentTree +-- commander@2.1.0
62 silly currentTree +-- commondir@0.0.1
62 silly currentTree +-- compressible@2.0.10
62 silly currentTree +-- compression@1.5.2
62 silly currentTree +-- concat-map@0.0.1
62 silly currentTree +-- concat-stream@1.4.10
62 silly currentTree +-- configstore@0.3.2
62 silly currentTree | +-- graceful-fs@3.0.11
62 silly currentTree | +-- minimist@0.0.8
62 silly currentTree | +-- mkdirp@0.5.1
62 silly currentTree | `-- osenv@0.1.4
62 silly currentTree +-- connect-livereload@0.5.4
62 silly currentTree +-- connect-timeout@1.6.2
62 silly currentTree +-- connect@2.30.2
62 silly currentTree | `-- qs@4.0.0
62 silly currentTree +-- console-browserify@1.0.3
62 silly currentTree +-- constantinople@2.0.1
62 silly currentTree | +-- source-map@0.1.34
62 silly currentTree | `-- uglify-js@2.4.24
62 silly currentTree +-- constants-browserify@0.0.1
62 silly currentTree +-- content-type@1.0.2
62 silly currentTree +-- convert-source-map@0.3.5
62 silly currentTree +-- cookie-jar@0.3.0
62 silly currentTree +-- cookie-parser@1.3.5
62 silly currentTree +-- cookie-signature@1.0.6
62 silly currentTree +-- cookie@0.1.3
62 silly currentTree +-- core-util-is@1.0.2
62 silly currentTree +-- crc@3.3.0
62 silly currentTree +-- cryptiles@0.2.2
62 silly currentTree +-- crypto-browserify@1.0.9
62 silly currentTree +-- csrf@3.0.6
62 silly currentTree +-- css-parse@1.0.4
62 silly currentTree +-- css-stringify@1.0.5
62 silly currentTree +-- css@1.0.8
62 silly currentTree +-- csso@1.3.12
62 silly currentTree +-- csurf@1.8.3
62 silly currentTree +-- ctype@0.5.3
62 silly currentTree +-- currently-unhandled@0.4.1
62 silly currentTree +-- dashdash@1.14.1
62 silly currentTree | `-- assert-plus@1.0.0
62 silly currentTree +-- dateformat@2.0.0
62 silly currentTree +-- debowerify@0.7.1
62 silly currentTree +-- debug@2.2.0
62 silly currentTree +-- decamelize@1.2.0
62 silly currentTree +-- decompress-zip@0.0.8
62 silly currentTree | +-- graceful-fs@3.0.11
62 silly currentTree | +-- nopt@2.2.1
62 silly currentTree | `-- q@1.0.1
62 silly currentTree +-- deep-equal@0.1.2
62 silly currentTree +-- deep-extend@0.2.11
62 silly currentTree +-- deepmerge@0.2.10
62 silly currentTree +-- defaults@1.0.3
62 silly currentTree +-- defined@0.0.0
62 silly currentTree +-- del@1.2.1
62 silly currentTree | `-- object-assign@3.0.0
62 silly currentTree +-- delayed-stream@0.0.5
62 silly currentTree +-- depd@1.0.1
62 silly currentTree +-- deprecated@0.0.1
62 silly currentTree +-- deps-sort@0.1.2
62 silly currentTree | `-- JSONStream@0.6.4
62 silly currentTree |   `-- through@2.2.7
62 silly currentTree +-- derequire@0.8.0
62 silly currentTree | `-- esprima-fb@3001.1.0-dev-harmony-fb
62 silly currentTree +-- desktop.ini
62 silly currentTree +-- destroy@1.0.4
62 silly currentTree +-- detect-file@0.1.0
62 silly currentTree +-- detective@3.1.0
62 silly currentTree | `-- esprima-fb@3001.1.0-dev-harmony-fb
62 silly currentTree +-- domain-browser@1.1.7
62 silly currentTree +-- duplexer@0.1.1
62 silly currentTree +-- duplexer2@0.0.2
62 silly currentTree +-- each-async@1.1.1
62 silly currentTree +-- ecc-jsbn@0.1.1
62 silly currentTree +-- ee-first@1.1.1
62 silly currentTree +-- end-of-stream@0.1.5
62 silly currentTree | `-- once@1.3.3
62 silly currentTree +-- error-ex@1.3.1
62 silly currentTree +-- errorhandler@1.4.3
62 silly currentTree | +-- accepts@1.3.3
62 silly currentTree | `-- negotiator@0.6.1
62 silly currentTree +-- es5-ext@0.9.2
62 silly currentTree +-- escape-html@1.0.3
62 silly currentTree +-- escape-string-regexp@1.0.5
62 silly currentTree +-- escodegen@1.1.0
62 silly currentTree +-- escope@0.0.16
62 silly currentTree +-- esprima@1.0.4
62 silly currentTree +-- esrefactor@0.1.0
62 silly currentTree | `-- estraverse@0.0.4
62 silly currentTree +-- estraverse@1.5.1
62 silly currentTree +-- esutils@1.0.0
62 silly currentTree +-- etag@1.7.0
62 silly currentTree +-- event-emitter@0.2.2
62 silly currentTree +-- event-stream@3.3.4
62 silly currentTree +-- events@1.0.2
62 silly currentTree +-- expand-brackets@0.1.5
62 silly currentTree +-- expand-range@1.8.2
62 silly currentTree +-- expand-tilde@1.2.2
62 silly currentTree +-- express-session@1.11.3
62 silly currentTree | `-- uid-safe@2.0.0
62 silly currentTree +-- extend@3.0.0
62 silly currentTree +-- extglob@0.3.2
62 silly currentTree +-- extsprintf@1.0.2
62 silly currentTree +-- falafel@0.3.1
62 silly currentTree | `-- esprima@1.1.0-dev
62 silly currentTree +-- fancy-log@1.3.0
62 silly currentTree | +-- ansi-styles@2.2.1
62 silly currentTree | +-- chalk@1.1.3
62 silly currentTree | `-- strip-ansi@3.0.1
62 silly currentTree +-- faye-websocket@0.10.0
62 silly currentTree +-- filename-regex@2.0.0
62 silly currentTree +-- fill-range@2.2.3
62 silly currentTree +-- finalhandler@0.4.0
62 silly currentTree | `-- escape-html@1.0.2
62 silly currentTree +-- find-index@0.1.1
62 silly currentTree +-- find-up@1.1.2
62 silly currentTree +-- findup-sync@0.4.3
62 silly currentTree +-- fined@1.0.2
62 silly currentTree +-- first-chunk-stream@1.0.0
62 silly currentTree +-- flagged-respawn@0.3.2
62 silly currentTree +-- fobject@0.0.4
62 silly currentTree | +-- graceful-fs@4.1.11
62 silly currentTree | `-- semver@5.3.0
62 silly currentTree +-- for-in@1.0.2
62 silly currentTree +-- for-own@0.1.5
62 silly currentTree +-- forever-agent@0.5.2
62 silly currentTree +-- form-data@0.1.4
62 silly currentTree | `-- async@0.9.2
62 silly currentTree +-- fresh@0.3.0
62 silly currentTree +-- from@0.1.7
62 silly currentTree +-- fs-exists-sync@0.1.0
62 silly currentTree +-- fs-extra@0.9.1
62 silly currentTree | +-- minimist@0.0.8
62 silly currentTree | `-- mkdirp@0.5.1
62 silly currentTree +-- fs.realpath@1.0.0
62 silly currentTree +-- fstream-ignore@0.0.10
62 silly currentTree +-- fstream@0.1.31
62 silly currentTree | +-- graceful-fs@3.0.11
62 silly currentTree | +-- minimist@0.0.8
62 silly currentTree | `-- mkdirp@0.5.1
62 silly currentTree +-- gaze@0.5.2
62 silly currentTree +-- get-stdin@4.0.1
62 silly currentTree +-- getpass@0.1.6
62 silly currentTree | `-- assert-plus@1.0.0
62 silly currentTree +-- gh-pages@0.2.0
62 silly currentTree | +-- async@0.2.9
62 silly currentTree | +-- glob@4.0.6
62 silly currentTree | | `-- graceful-fs@3.0.11
62 silly currentTree | +-- graceful-fs@2.0.1
62 silly currentTree | +-- lodash@2.4.2
62 silly currentTree | +-- minimatch@1.0.0
62 silly currentTree | `-- q@1.0.1
62 silly currentTree +-- glob-base@0.3.0
62 silly currentTree +-- glob-parent@2.0.0
62 silly currentTree +-- glob-stream@3.1.18
62 silly currentTree | +-- glob@4.5.3
62 silly currentTree | +-- minimatch@2.0.10
62 silly currentTree | +-- readable-stream@1.0.34
62 silly currentTree | `-- through2@0.6.5
62 silly currentTree +-- glob-watcher@0.0.6
62 silly currentTree +-- glob@3.2.11
62 silly currentTree +-- glob2base@0.0.12
62 silly currentTree +-- global-modules@0.2.3
62 silly currentTree +-- global-prefix@0.1.5
62 silly currentTree | `-- which@1.2.14
62 silly currentTree +-- globby@2.1.0
62 silly currentTree | +-- async@1.5.2
62 silly currentTree | +-- glob@5.0.15
62 silly currentTree | +-- minimatch@3.0.3
62 silly currentTree | `-- object-assign@3.0.0
62 silly currentTree +-- globule@0.1.0
62 silly currentTree | +-- glob@3.1.21
62 silly currentTree | +-- graceful-fs@1.2.3
62 silly currentTree | +-- inherits@1.0.2
62 silly currentTree | +-- lodash@1.0.2
62 silly currentTree | `-- minimatch@0.2.14
62 silly currentTree +-- glogg@1.0.0
62 silly currentTree +-- graceful-fs@2.0.3
62 silly currentTree +-- gulp-autoprefixer@0.0.7
62 silly currentTree +-- gulp-browserify@0.5.1
62 silly currentTree | +-- through2@0.4.2
62 silly currentTree | | `-- readable-stream@1.0.34
62 silly currentTree | `-- xtend@2.1.2
62 silly currentTree +-- gulp-connect@2.3.1
62 silly currentTree | +-- ansi-styles@2.2.1
62 silly currentTree | +-- chalk@1.1.3
62 silly currentTree | +-- gulp-util@3.0.8
62 silly currentTree | +-- minimist@1.2.0
62 silly currentTree | +-- object-assign@3.0.0
62 silly currentTree | `-- strip-ansi@3.0.1
62 silly currentTree +-- gulp-csso@0.2.9
62 silly currentTree | `-- bufferstreams@0.0.2
62 silly currentTree +-- gulp-jade@0.6.1
62 silly currentTree | +-- readable-stream@1.0.34
62 silly currentTree | +-- through2@0.5.1
62 silly currentTree | `-- xtend@3.0.0
62 silly currentTree +-- gulp-plumber@0.6.6
62 silly currentTree | +-- ansi-styles@2.2.1
62 silly currentTree | +-- chalk@1.1.3
62 silly currentTree | +-- gulp-util@3.0.8
62 silly currentTree | | `-- through2@2.0.3
62 silly currentTree | +-- isarray@1.0.0
62 silly currentTree | +-- minimist@1.2.0
62 silly currentTree | +-- object-assign@3.0.0
62 silly currentTree | +-- readable-stream@2.2.9
62 silly currentTree | +-- string_decoder@1.0.0
62 silly currentTree | +-- strip-ansi@3.0.1
62 silly currentTree | `-- through2@0.6.5
62 silly currentTree |   +-- isarray@0.0.1
62 silly currentTree |   +-- readable-stream@1.0.34
62 silly currentTree |   `-- string_decoder@0.10.31
62 silly currentTree +-- gulp-rename@1.2.2
62 silly currentTree +-- gulp-stylus@1.3.7
62 silly currentTree | +-- ansi-styles@2.2.1
62 silly currentTree | +-- chalk@1.1.3
62 silly currentTree | +-- gulp-util@3.0.8
62 silly currentTree | | `-- through2@2.0.3
62 silly currentTree | +-- isarray@1.0.0
62 silly currentTree | +-- lodash@2.4.2
62 silly currentTree | +-- minimist@1.2.0
62 silly currentTree | +-- object-assign@3.0.0
62 silly currentTree | +-- readable-stream@2.2.9
62 silly currentTree | +-- string_decoder@1.0.0
62 silly currentTree | +-- strip-ansi@3.0.1
62 silly currentTree | `-- through2@0.6.5
62 silly currentTree |   +-- isarray@0.0.1
62 silly currentTree |   +-- readable-stream@1.0.34
62 silly currentTree |   `-- string_decoder@0.10.31
62 silly currentTree +-- gulp-uglify@0.3.2
62 silly currentTree | +-- ansi-styles@2.2.1
62 silly currentTree | +-- chalk@1.1.3
62 silly currentTree | +-- gulp-util@3.0.8
62 silly currentTree | | `-- through2@2.0.3
62 silly currentTree | +-- isarray@1.0.0
62 silly currentTree | +-- minimist@1.2.0
62 silly currentTree | +-- object-assign@3.0.0
62 silly currentTree | +-- optimist@0.3.7
62 silly currentTree | +-- readable-stream@2.2.9
62 silly currentTree | +-- string_decoder@1.0.0
62 silly currentTree | +-- strip-ansi@3.0.1
62 silly currentTree | +-- through2@0.6.5
62 silly currentTree | | +-- isarray@0.0.1
62 silly currentTree | | +-- readable-stream@1.0.34
62 silly currentTree | | `-- string_decoder@0.10.31
62 silly currentTree | `-- uglify-js@2.4.6
62 silly currentTree +-- gulp-util@2.2.20
62 silly currentTree | +-- ansi-regex@0.2.1
62 silly currentTree | +-- ansi-styles@1.1.0
62 silly currentTree | +-- chalk@0.5.1
62 silly currentTree | +-- dateformat@1.0.12
62 silly currentTree | +-- has-ansi@0.1.0
62 silly currentTree | +-- lodash._reinterpolate@2.4.1
62 silly currentTree | +-- lodash.escape@2.4.1
62 silly currentTree | +-- lodash.keys@2.4.1
62 silly currentTree | +-- lodash.template@2.4.1
62 silly currentTree | +-- lodash.templatesettings@2.4.1
62 silly currentTree | +-- minimist@0.2.0
62 silly currentTree | +-- readable-stream@1.0.34
62 silly currentTree | +-- strip-ansi@0.3.0
62 silly currentTree | +-- supports-color@0.2.0
62 silly currentTree | +-- through2@0.5.1
62 silly currentTree | +-- vinyl@0.2.3
62 silly currentTree | `-- xtend@3.0.0
62 silly currentTree +-- gulp@3.9.1
62 silly currentTree | +-- ansi-styles@2.2.1
62 silly currentTree | +-- archy@1.0.0
62 silly currentTree | +-- chalk@1.1.3
62 silly currentTree | +-- gulp-util@3.0.8
62 silly currentTree | +-- minimist@1.2.0
62 silly currentTree | +-- object-assign@3.0.0
62 silly currentTree | +-- semver@4.3.6
62 silly currentTree | `-- strip-ansi@3.0.1
62 silly currentTree +-- gulplog@1.0.0
62 silly currentTree +-- handlebars@1.0.12
62 silly currentTree | `-- optimist@0.3.7
62 silly currentTree +-- har-schema@1.0.5
62 silly currentTree +-- har-validator@4.2.1
62 silly currentTree +-- has-ansi@2.0.0
62 silly currentTree +-- has-color@0.1.7
62 silly currentTree +-- has-gulplog@0.1.0
62 silly currentTree +-- hawk@1.0.0
62 silly currentTree +-- hoek@0.9.1
62 silly currentTree +-- homedir-polyfill@1.0.1
62 silly currentTree +-- hosted-git-info@2.4.2
62 silly currentTree +-- http-browserify@1.3.2
62 silly currentTree +-- http-errors@1.3.1
62 silly currentTree +-- http-signature@0.10.1
62 silly currentTree +-- https-browserify@0.0.1
62 silly currentTree +-- iconv-lite@0.4.11
62 silly currentTree +-- ieee754@1.1.8
62 silly currentTree +-- indent-string@2.1.0
62 silly currentTree +-- indexof@0.0.1
62 silly currentTree +-- indx@0.2.3
62 silly currentTree +-- inflight@1.0.6
62 silly currentTree +-- inherits@2.0.3
62 silly currentTree +-- ini@1.3.4
62 silly currentTree +-- inline-source-map@0.3.1
62 silly currentTree | `-- source-map@0.3.0
62 silly currentTree +-- inquirer@0.3.5
62 silly currentTree +-- insert-css@0.2.0
62 silly currentTree +-- insert-module-globals@6.0.0
62 silly currentTree | +-- process@0.6.0
62 silly currentTree | `-- xtend@3.0.0
62 silly currentTree +-- interpret@1.0.3
62 silly currentTree +-- intersect@0.0.3
62 silly currentTree +-- is-absolute@0.2.6
62 silly currentTree +-- is-arrayish@0.2.1
62 silly currentTree +-- is-buffer@1.1.5
62 silly currentTree +-- is-builtin-module@1.0.0
62 silly currentTree +-- is-dotfile@1.0.2
62 silly currentTree +-- is-equal-shallow@0.1.3
62 silly currentTree +-- is-extendable@0.1.1
62 silly currentTree +-- is-extglob@1.0.0
62 silly currentTree +-- is-finite@1.0.2
62 silly currentTree +-- is-glob@2.0.1
62 silly currentTree +-- is-number@2.1.0
62 silly currentTree +-- is-path-cwd@1.0.0
62 silly currentTree +-- is-path-in-cwd@1.0.0
62 silly currentTree +-- is-path-inside@1.0.0
62 silly currentTree +-- is-posix-bracket@0.1.1
62 silly currentTree +-- is-primitive@2.0.0
62 silly currentTree +-- is-promise@1.0.1
62 silly currentTree +-- is-relative@0.2.1
62 silly currentTree +-- is-typedarray@1.0.0
62 silly currentTree +-- is-unc-path@0.1.2
62 silly currentTree +-- is-utf8@0.2.1
62 silly currentTree +-- is-windows@0.2.0
62 silly currentTree +-- isarray@0.0.1
62 silly currentTree +-- isexe@2.0.0
62 silly currentTree +-- isobject@2.1.0
62 silly currentTree | `-- isarray@1.0.0
62 silly currentTree +-- isstream@0.1.2
62 silly currentTree +-- jade@1.3.1
62 silly currentTree +-- jodid25519@1.0.2
62 silly currentTree +-- js-yaml@3.8.3
62 silly currentTree | `-- esprima@3.1.3
62 silly currentTree +-- jsbn@0.1.1
62 silly currentTree +-- json-schema@0.2.3
62 silly currentTree +-- json-stable-stringify@1.0.1
62 silly currentTree +-- json-stringify-safe@5.0.1
62 silly currentTree +-- jsonfile@1.1.1
62 silly currentTree +-- jsonify@0.0.0
62 silly currentTree +-- jsonparse@0.0.5
62 silly currentTree +-- JSONStream@0.7.4
62 silly currentTree +-- jsprim@1.4.0
62 silly currentTree | `-- assert-plus@1.0.0
62 silly currentTree +-- junk@0.2.2
62 silly currentTree +-- kind-of@3.1.0
62 silly currentTree +-- lexical-scope@1.1.1
62 silly currentTree +-- liftoff@2.3.0
62 silly currentTree +-- livereload-js@2.2.2
62 silly currentTree +-- load-json-file@1.1.0
62 silly currentTree | +-- graceful-fs@4.1.11
62 silly currentTree | `-- strip-bom@2.0.0
62 silly currentTree +-- lodash._basecopy@3.0.1
62 silly currentTree +-- lodash._basetostring@3.0.1
62 silly currentTree +-- lodash._basevalues@3.0.0
62 silly currentTree +-- lodash._escapehtmlchar@2.4.1
62 silly currentTree +-- lodash._escapestringchar@2.4.1
62 silly currentTree +-- lodash._getnative@3.9.1
62 silly currentTree +-- lodash._htmlescapes@2.4.1
62 silly currentTree +-- lodash._isiterateecall@3.0.9
62 silly currentTree +-- lodash._isnative@2.4.1
62 silly currentTree +-- lodash._objecttypes@2.4.1
62 silly currentTree +-- lodash._reescape@3.0.0
62 silly currentTree +-- lodash._reevaluate@3.0.0
62 silly currentTree +-- lodash._reinterpolate@3.0.0
62 silly currentTree +-- lodash._reunescapedhtml@2.4.1
62 silly currentTree | `-- lodash.keys@2.4.1
62 silly currentTree +-- lodash._root@3.0.1
62 silly currentTree +-- lodash._shimkeys@2.4.1
62 silly currentTree +-- lodash.assignwith@4.2.0
62 silly currentTree +-- lodash.defaults@2.4.1
62 silly currentTree | `-- lodash.keys@2.4.1
62 silly currentTree +-- lodash.escape@3.2.0
62 silly currentTree +-- lodash.isarguments@3.1.0
62 silly currentTree +-- lodash.isarray@3.0.4
62 silly currentTree +-- lodash.isempty@4.4.0
62 silly currentTree +-- lodash.isobject@2.4.1
62 silly currentTree +-- lodash.isplainobject@4.0.6
62 silly currentTree +-- lodash.isstring@4.0.1
62 silly currentTree +-- lodash.keys@3.1.2
62 silly currentTree +-- lodash.mapvalues@4.6.0
62 silly currentTree +-- lodash.pick@4.4.0
62 silly currentTree +-- lodash.restparam@3.6.1
62 silly currentTree +-- lodash.template@3.6.2
62 silly currentTree +-- lodash.templatesettings@3.1.1
62 silly currentTree +-- lodash.values@2.4.1
62 silly currentTree | `-- lodash.keys@2.4.1
62 silly currentTree +-- lodash@1.2.1
62 silly currentTree +-- loud-rejection@1.6.0
62 silly currentTree +-- lru-cache@2.3.1
62 silly currentTree +-- map-cache@0.2.2
62 silly currentTree +-- map-obj@1.0.1
62 silly currentTree +-- map-stream@0.1.0
62 silly currentTree +-- media-typer@0.3.0
62 silly currentTree +-- memoizee@0.2.6
62 silly currentTree +-- meow@3.7.0
62 silly currentTree | +-- minimist@1.2.0
62 silly currentTree | `-- object-assign@4.1.1
62 silly currentTree +-- method-override@2.3.8
62 silly currentTree | +-- debug@2.6.3
62 silly currentTree | +-- ms@0.7.2
62 silly currentTree | `-- vary@1.1.1
62 silly currentTree +-- methods@1.1.2
62 silly currentTree +-- micromatch@2.3.11
62 silly currentTree +-- mime-db@1.27.0
62 silly currentTree +-- mime-types@2.1.15
62 silly currentTree +-- mime@1.2.11
62 silly currentTree +-- mimeparse@0.1.4
62 silly currentTree +-- minimatch@0.3.0
62 silly currentTree +-- minimist@0.0.10
62 silly currentTree +-- mkdirp@0.3.5
62 silly currentTree +-- mkpath@0.1.0
62 silly currentTree +-- module-deps@2.0.6
62 silly currentTree | +-- parents@0.0.2
62 silly currentTree | +-- resolve@0.6.3
62 silly currentTree | +-- stream-combiner@0.1.0
62 silly currentTree | +-- through2@0.4.2
62 silly currentTree | | `-- readable-stream@1.0.34
62 silly currentTree | `-- xtend@2.1.2
62 silly currentTree +-- monocle@1.1.51
62 silly currentTree +-- morgan@1.6.1
62 silly currentTree +-- mout@0.7.1
62 silly currentTree +-- ms@0.7.1
62 silly currentTree +-- multiparty@3.3.2
62 silly currentTree +-- multipipe@0.1.2
62 silly currentTree +-- mute-stream@0.0.3
62 silly currentTree +-- natives@1.1.0
62 silly currentTree +-- ncp@0.5.1
62 silly currentTree +-- negotiator@0.5.3
62 silly currentTree +-- next-tick@0.1.0
62 silly currentTree +-- node-uuid@1.4.8
62 silly currentTree +-- nopt@2.1.2
62 silly currentTree +-- normalize-package-data@2.3.6
62 silly currentTree +-- normalize-path@2.1.1
62 silly currentTree +-- normalizecss@3.0.0
62 silly currentTree +-- number-is-nan@1.0.1
62 silly currentTree +-- oauth-sign@0.3.0
62 silly currentTree +-- object-assign@2.1.1
62 silly currentTree +-- object-keys@0.4.0
62 silly currentTree +-- object.omit@2.0.1
62 silly currentTree +-- on-finished@2.3.0
62 silly currentTree +-- on-headers@1.0.1
62 silly currentTree +-- once@1.4.0
62 silly currentTree +-- onetime@1.1.0
62 silly currentTree +-- open@0.0.5
62 silly currentTree +-- opn@0.1.2
62 silly currentTree +-- optimist@0.6.1
62 silly currentTree +-- orchestrator@0.3.8
62 silly currentTree +-- ordered-read-streams@0.1.0
62 silly currentTree +-- os-browserify@0.1.2
62 silly currentTree +-- os-homedir@1.0.2
62 silly currentTree +-- os-tmpdir@1.0.2
62 silly currentTree +-- osenv@0.0.3
62 silly currentTree +-- p-throttler@0.0.1
62 silly currentTree +-- pako@0.2.9
62 silly currentTree +-- parents@0.0.3
62 silly currentTree +-- parse-filepath@1.0.1
62 silly currentTree +-- parse-glob@3.0.4
62 silly currentTree +-- parse-json@2.2.0
62 silly currentTree +-- parse-passwd@1.0.0
62 silly currentTree +-- parseurl@1.3.1
62 silly currentTree +-- path-browserify@0.0.0
62 silly currentTree +-- path-exists@2.1.0
62 silly currentTree +-- path-is-absolute@1.0.1
62 silly currentTree +-- path-is-inside@1.0.2
62 silly currentTree +-- path-parse@1.0.5
62 silly currentTree +-- path-platform@0.0.1
62 silly currentTree +-- path-root-regex@0.1.2
62 silly currentTree +-- path-root@0.1.1
62 silly currentTree +-- path-type@1.1.0
62 silly currentTree | `-- graceful-fs@4.1.11
62 silly currentTree +-- pause-stream@0.0.11
62 silly currentTree +-- pause@0.1.0
62 silly currentTree +-- performance-now@0.2.0
62 silly currentTree +-- pify@2.3.0
62 silly currentTree +-- pinkie-promise@2.0.1
62 silly currentTree +-- pinkie@2.0.4
62 silly currentTree +-- postcss@0.3.5
62 silly currentTree +-- preserve@0.2.0
62 silly currentTree +-- pretty-hrtime@1.0.3
62 silly currentTree +-- process-nextick-args@1.0.7
62 silly currentTree +-- process@0.7.0
62 silly currentTree +-- promise@2.0.0
62 silly currentTree +-- promptly@0.2.1
62 silly currentTree +-- punycode@1.4.1
62 silly currentTree +-- q-io@1.11.6
62 silly currentTree | +-- q@1.5.0
62 silly currentTree | `-- qs@1.2.2
62 silly currentTree +-- q@0.9.7
62 silly currentTree +-- qs@0.6.6
62 silly currentTree +-- querystring-es3@0.2.0
62 silly currentTree +-- querystring@0.2.0
62 silly currentTree +-- random-bytes@1.0.0
62 silly currentTree +-- randomatic@1.1.6
62 silly currentTree +-- range-parser@1.0.3
62 silly currentTree +-- raw-body@2.1.7
62 silly currentTree | +-- bytes@2.4.0
62 silly currentTree | `-- iconv-lite@0.4.13
62 silly currentTree +-- read-pkg-up@1.0.1
62 silly currentTree +-- read-pkg@1.1.0
62 silly currentTree +-- read@1.0.7
62 silly currentTree | `-- mute-stream@0.0.7
62 silly currentTree +-- readable-stream@1.1.14
62 silly currentTree +-- readdirp@0.2.5
62 silly currentTree +-- rechoir@0.6.2
62 silly currentTree +-- redent@1.0.0
62 silly currentTree +-- redeyed@0.4.4
62 silly currentTree +-- regex-cache@0.4.3
62 silly currentTree +-- remove-trailing-separator@1.0.1
62 silly currentTree +-- repeat-element@1.1.2
62 silly currentTree +-- repeat-string@1.6.1
62 silly currentTree +-- repeating@2.0.1
62 silly currentTree +-- replace-ext@0.0.1
62 silly currentTree +-- request-progress@0.3.1
62 silly currentTree +-- request-replay@0.2.0
62 silly currentTree +-- request@2.27.0
62 silly currentTree +-- resolve-dir@0.1.1
62 silly currentTree +-- resolve@1.3.2
62 silly currentTree +-- response-time@2.3.2
62 silly currentTree | `-- depd@1.1.0
62 silly currentTree +-- retry@0.6.1
62 silly currentTree +-- rfile@1.0.0
62 silly currentTree | `-- resolve@0.3.1
62 silly currentTree +-- rimraf@2.2.8
62 silly currentTree +-- rndm@1.2.0
62 silly currentTree +-- ruglify@1.0.0
62 silly currentTree | +-- optimist@0.3.7
62 silly currentTree | `-- uglify-js@2.2.5
62 silly currentTree +-- safe-buffer@5.0.1
62 silly currentTree +-- sax@0.5.8
62 silly currentTree +-- semver@2.1.0
62 silly currentTree +-- send@0.13.2
62 silly currentTree | +-- depd@1.1.0
62 silly currentTree | +-- mime@1.3.4
62 silly currentTree | `-- statuses@1.2.1
62 silly currentTree +-- sequencify@0.0.7
62 silly currentTree +-- serve-favicon@2.3.2
62 silly currentTree | `-- ms@0.7.2
62 silly currentTree +-- serve-index@1.7.3
62 silly currentTree +-- serve-static@1.10.3
62 silly currentTree +-- set-immediate-shim@1.0.1
62 silly currentTree +-- shallow-copy@0.0.1
62 silly currentTree +-- shell-quote@0.0.1
62 silly currentTree +-- sigmund@1.0.1
62 silly currentTree +-- signal-exit@3.0.2
62 silly currentTree +-- sntp@0.2.4
62 silly currentTree +-- source-map@0.1.43
62 silly currentTree +-- sparkles@1.0.0
62 silly currentTree +-- spdx-correct@1.0.2
62 silly currentTree +-- spdx-expression-parse@1.0.4
62 silly currentTree +-- spdx-license-ids@1.2.2
62 silly currentTree +-- split@0.3.3
62 silly currentTree +-- sprintf-js@1.0.3
62 silly currentTree +-- sshpk@1.13.0
62 silly currentTree | +-- asn1@0.2.3
62 silly currentTree | `-- assert-plus@1.0.0
62 silly currentTree +-- statuses@1.3.1
62 silly currentTree +-- stream-browserify@0.1.3
62 silly currentTree | `-- process@0.5.2
62 silly currentTree +-- stream-combiner@0.0.4
62 silly currentTree +-- stream-consume@0.1.0
62 silly currentTree +-- stream-counter@0.2.0
62 silly currentTree +-- string_decoder@0.10.31
62 silly currentTree +-- stringify-object@0.1.8
62 silly currentTree +-- stringstream@0.0.5
62 silly currentTree +-- strip-ansi@0.1.1
62 silly currentTree +-- strip-bom@1.0.0
62 silly currentTree +-- strip-indent@1.0.1
62 silly currentTree +-- stylus@0.54.5
62 silly currentTree | +-- css-parse@1.7.0
62 silly currentTree | +-- glob@7.0.6
62 silly currentTree | +-- minimatch@3.0.3
62 silly currentTree | +-- minimist@0.0.8
62 silly currentTree | `-- mkdirp@0.5.1
62 silly currentTree +-- subarg@0.0.1
62 silly currentTree +-- sudo-block@0.2.1
62 silly currentTree | +-- ansi-styles@0.1.2
62 silly currentTree | `-- chalk@0.1.1
62 silly currentTree +-- supports-color@2.0.0
62 silly currentTree +-- syntax-error@1.1.6
62 silly currentTree | `-- acorn@2.7.0
62 silly currentTree +-- tar@0.1.20
62 silly currentTree +-- throttleit@0.0.2
62 silly currentTree +-- through@2.3.8
62 silly currentTree +-- through2@2.0.3
62 silly currentTree | +-- isarray@1.0.0
62 silly currentTree | +-- readable-stream@2.2.9
62 silly currentTree | `-- string_decoder@1.0.0
62 silly currentTree +-- tildify@1.2.0
62 silly currentTree +-- time-stamp@1.0.1
62 silly currentTree +-- timers-browserify@1.0.3
62 silly currentTree | `-- process@0.5.2
62 silly currentTree +-- tiny-lr@0.2.1
62 silly currentTree | +-- body-parser@1.14.2
62 silly currentTree | | `-- qs@5.2.0
62 silly currentTree | +-- bytes@2.2.0
62 silly currentTree | +-- depd@1.1.0
62 silly currentTree | +-- iconv-lite@0.4.13
62 silly currentTree | `-- qs@5.1.0
62 silly currentTree +-- tmp@0.0.31
62 silly currentTree +-- touch@0.0.2
62 silly currentTree | `-- nopt@1.0.10
62 silly currentTree +-- tough-cookie@2.3.2
62 silly currentTree +-- transformers@2.1.0
62 silly currentTree | +-- optimist@0.3.7
62 silly currentTree | `-- uglify-js@2.2.5
62 silly currentTree +-- traverse@0.3.9
62 silly currentTree +-- trim-newlines@1.0.0
62 silly currentTree +-- tsscmp@1.0.5
62 silly currentTree +-- tty-browserify@0.0.0
62 silly currentTree +-- tunnel-agent@0.3.0
62 silly currentTree +-- tweetnacl@0.14.5
62 silly currentTree +-- type-is@1.6.15
62 silly currentTree +-- typedarray@0.0.6
62 silly currentTree +-- uglify-js@2.3.6
62 silly currentTree | `-- optimist@0.3.7
62 silly currentTree +-- uglify-to-browserify@1.0.2
62 silly currentTree +-- uid-safe@2.1.4
62 silly currentTree +-- umd@2.0.0
62 silly currentTree | +-- source-map@0.1.34
62 silly currentTree | `-- uglify-js@2.4.24
62 silly currentTree +-- unc-path-regex@0.1.2
62 silly currentTree +-- unique-stream@1.0.0
62 silly currentTree +-- unpipe@1.0.0
62 silly currentTree +-- update-notifier@0.1.10
62 silly currentTree | +-- ansi-styles@1.0.0
62 silly currentTree | +-- assert-plus@0.2.0
62 silly currentTree | +-- boom@2.10.1
62 silly currentTree | +-- chalk@0.4.0
62 silly currentTree | +-- combined-stream@1.0.5
62 silly currentTree | +-- cryptiles@2.0.5
62 silly currentTree | +-- delayed-stream@1.0.0
62 silly currentTree | +-- forever-agent@0.6.1
62 silly currentTree | +-- form-data@2.1.4
62 silly currentTree | +-- hawk@3.1.3
62 silly currentTree | +-- hoek@2.16.3
62 silly currentTree | +-- http-signature@1.1.1
62 silly currentTree | +-- oauth-sign@0.8.2
62 silly currentTree | +-- qs@6.4.0
62 silly currentTree | +-- request@2.81.0
62 silly currentTree | +-- semver@2.3.2
62 silly currentTree | +-- sntp@1.0.9
62 silly currentTree | +-- tunnel-agent@0.6.0
62 silly currentTree | `-- uuid@3.0.1
62 silly currentTree +-- url@0.10.3
62 silly currentTree | `-- punycode@1.3.2
62 silly currentTree +-- url2@0.0.0
62 silly currentTree +-- user-home@1.1.1
62 silly currentTree +-- util-deprecate@1.0.2
62 silly currentTree +-- util@0.10.3
62 silly currentTree | `-- inherits@2.0.1
62 silly currentTree +-- utils-merge@1.0.0
62 silly currentTree +-- uuid@2.0.3
62 silly currentTree +-- v8flags@2.1.0
62 silly currentTree +-- validate-npm-package-license@3.0.1
62 silly currentTree +-- vary@1.0.1
62 silly currentTree +-- verror@1.3.6
62 silly currentTree +-- vhost@3.0.2
62 silly currentTree +-- vinyl-fs@0.3.14
62 silly currentTree | +-- clone@0.2.0
62 silly currentTree | +-- graceful-fs@3.0.11
62 silly currentTree | +-- minimist@0.0.8
62 silly currentTree | +-- mkdirp@0.5.1
62 silly currentTree | +-- readable-stream@1.0.34
62 silly currentTree | +-- through2@0.6.5
62 silly currentTree | `-- vinyl@0.4.6
62 silly currentTree +-- vinyl@0.5.3
62 silly currentTree +-- vm-browserify@0.0.4
62 silly currentTree +-- weak-map@1.0.0
62 silly currentTree +-- websocket-driver@0.6.5
62 silly currentTree +-- websocket-extensions@0.1.1
62 silly currentTree +-- when@3.7.8
62 silly currentTree +-- which@1.0.9
62 silly currentTree +-- window-size@0.1.0
62 silly currentTree +-- with@3.0.1
62 silly currentTree | +-- source-map@0.1.34
62 silly currentTree | `-- uglify-js@2.4.24
62 silly currentTree +-- wordwrap@0.0.3
62 silly currentTree +-- wrappy@1.0.2
62 silly currentTree +-- wrench@1.5.1
62 silly currentTree +-- xdg-basedir@1.0.1
62 silly currentTree +-- xtend@4.0.1
62 silly currentTree `-- yargs@3.5.4
62 silly currentTree   +-- camelcase@1.2.1
62 silly currentTree   `-- wordwrap@0.0.2
63 silly idealTree presentation-usa-today@0.0.0
63 silly idealTree +-- abbrev@1.0.9
63 silly idealTree +-- accepts@1.2.13
63 silly idealTree +-- accord@0.12.0
63 silly idealTree | +-- glob@4.5.3
63 silly idealTree | +-- lodash@2.4.2
63 silly idealTree | +-- minimatch@2.0.10
63 silly idealTree | `-- resolve@0.7.4
63 silly idealTree +-- acorn@4.0.11
63 silly idealTree +-- ajv@4.11.7
63 silly idealTree +-- amdefine@1.0.1
63 silly idealTree +-- ansi-regex@2.1.1
63 silly idealTree +-- ansi-styles@0.2.0
63 silly idealTree +-- ansicolors@0.2.1
63 silly idealTree +-- archy@0.0.2
63 silly idealTree +-- argparse@1.0.9
63 silly idealTree +-- arr-diff@2.0.0
63 silly idealTree +-- arr-flatten@1.0.3
63 silly idealTree +-- array-differ@1.0.0
63 silly idealTree +-- array-find-index@1.0.2
63 silly idealTree +-- array-union@1.0.2
63 silly idealTree +-- array-uniq@1.0.3
63 silly idealTree +-- array-unique@0.2.1
63 silly idealTree +-- asn1@0.1.11
63 silly idealTree +-- assert-plus@0.1.5
63 silly idealTree +-- assert@1.1.2
63 silly idealTree +-- astw@2.2.0
63 silly idealTree +-- async@0.2.10
63 silly idealTree +-- asynckit@0.4.0
63 silly idealTree +-- autoprefixer@1.1.20140605
63 silly idealTree +-- aws-sign@0.3.0
63 silly idealTree +-- aws-sign2@0.6.0
63 silly idealTree +-- aws4@1.6.0
63 silly idealTree +-- balanced-match@0.4.2
63 silly idealTree +-- base64-js@0.0.8
63 silly idealTree +-- base64-url@1.2.1
63 silly idealTree +-- Base64@0.2.1
63 silly idealTree +-- basic-auth-connect@1.0.0
63 silly idealTree +-- basic-auth@1.0.4
63 silly idealTree +-- batch@0.5.3
63 silly idealTree +-- bcrypt-pbkdf@1.0.1
63 silly idealTree +-- beeper@1.1.1
63 silly idealTree +-- bespoke-bullets@1.1.0
63 silly idealTree +-- bespoke-classes@1.0.0
63 silly idealTree +-- bespoke-keys@1.1.0
63 silly idealTree +-- bespoke-scale@1.0.1
63 silly idealTree +-- bespoke-touch@1.0.0
63 silly idealTree +-- bespoke@1.1.0
63 silly idealTree +-- binary@0.3.0
63 silly idealTree +-- block-stream@0.0.9
63 silly idealTree +-- body-parser@1.13.3
63 silly idealTree | `-- qs@4.0.0
63 silly idealTree +-- boom@0.4.2
63 silly idealTree +-- bower-config@0.5.2
63 silly idealTree | `-- mout@0.9.1
63 silly idealTree +-- bower-endpoint-parser@0.2.2
63 silly idealTree +-- bower-json@0.4.0
63 silly idealTree +-- bower-logger@0.2.2
63 silly idealTree +-- bower-registry-client@0.1.6
63 silly idealTree | +-- bower-config@0.4.5
63 silly idealTree | `-- mout@0.6.0
63 silly idealTree +-- bower@1.2.8
63 silly idealTree +-- brace-expansion@1.1.7
63 silly idealTree +-- braces@1.8.5
63 silly idealTree +-- browser-pack@2.0.1
63 silly idealTree | `-- JSONStream@0.6.4
63 silly idealTree |   `-- through@2.2.7
63 silly idealTree +-- browser-resolve@1.2.4
63 silly idealTree | `-- resolve@0.6.3
63 silly idealTree +-- browserify-shim@2.0.10
63 silly idealTree +-- browserify-zlib@0.1.4
63 silly idealTree +-- browserify@3.46.1
63 silly idealTree | +-- punycode@1.2.4
63 silly idealTree | +-- readable-stream@1.0.34
63 silly idealTree | | `-- string_decoder@0.10.31
63 silly idealTree | +-- resolve@0.6.3
63 silly idealTree | +-- string_decoder@0.0.1
63 silly idealTree | +-- through2@0.4.2
63 silly idealTree | | `-- xtend@2.1.2
63 silly idealTree | `-- xtend@3.0.0
63 silly idealTree +-- buffer-shims@1.0.0
63 silly idealTree +-- buffer@2.1.13
63 silly idealTree +-- buffers@0.1.1
63 silly idealTree +-- bufferstreams@0.0.1
63 silly idealTree +-- builtin-modules@1.1.1
63 silly idealTree +-- builtins@0.0.7
63 silly idealTree +-- bytes@2.1.0
63 silly idealTree +-- callsite@1.0.0
63 silly idealTree +-- camelcase-keys@2.1.0
63 silly idealTree +-- camelcase@2.1.1
63 silly idealTree +-- cardinal@0.4.4
63 silly idealTree +-- caseless@0.12.0
63 silly idealTree +-- chainsaw@0.1.0
63 silly idealTree +-- chalk@0.2.1
63 silly idealTree +-- character-parser@1.2.0
63 silly idealTree +-- chmodr@0.1.2
63 silly idealTree +-- cli-color@0.2.3
63 silly idealTree +-- clone-stats@0.0.1
63 silly idealTree +-- clone@1.0.2
63 silly idealTree +-- co@4.6.0
63 silly idealTree +-- collections@0.2.2
63 silly idealTree +-- combine-source-map@0.3.0
63 silly idealTree +-- combined-stream@0.0.7
63 silly idealTree +-- commander@2.1.0
63 silly idealTree +-- commondir@0.0.1
63 silly idealTree +-- compressible@2.0.10
63 silly idealTree +-- compression@1.5.2
63 silly idealTree +-- concat-map@0.0.1
63 silly idealTree +-- concat-stream@1.4.10
63 silly idealTree +-- configstore@0.3.2
63 silly idealTree | +-- graceful-fs@3.0.11
63 silly idealTree | +-- minimist@0.0.8
63 silly idealTree | +-- mkdirp@0.5.1
63 silly idealTree | `-- osenv@0.1.4
63 silly idealTree +-- connect-livereload@0.5.4
63 silly idealTree +-- connect-timeout@1.6.2
63 silly idealTree +-- connect@2.30.2
63 silly idealTree | `-- qs@4.0.0
63 silly idealTree +-- console-browserify@1.0.3
63 silly idealTree +-- constantinople@2.0.1
63 silly idealTree | +-- source-map@0.1.34
63 silly idealTree | `-- uglify-js@2.4.24
63 silly idealTree +-- constants-browserify@0.0.1
63 silly idealTree +-- content-type@1.0.2
63 silly idealTree +-- convert-source-map@0.3.5
63 silly idealTree +-- cookie-jar@0.3.0
63 silly idealTree +-- cookie-parser@1.3.5
63 silly idealTree +-- cookie-signature@1.0.6
63 silly idealTree +-- cookie@0.1.3
63 silly idealTree +-- core-util-is@1.0.2
63 silly idealTree +-- crc@3.3.0
63 silly idealTree +-- cryptiles@0.2.2
63 silly idealTree +-- crypto-browserify@1.0.9
63 silly idealTree +-- csrf@3.0.6
63 silly idealTree +-- css-parse@1.0.4
63 silly idealTree +-- css-stringify@1.0.5
63 silly idealTree +-- css@1.0.8
63 silly idealTree +-- csso@1.3.12
63 silly idealTree +-- csurf@1.8.3
63 silly idealTree +-- ctype@0.5.3
63 silly idealTree +-- currently-unhandled@0.4.1
63 silly idealTree +-- dashdash@1.14.1
63 silly idealTree | `-- assert-plus@1.0.0
63 silly idealTree +-- dateformat@2.0.0
63 silly idealTree +-- debowerify@0.7.1
63 silly idealTree +-- debug@2.2.0
63 silly idealTree +-- decamelize@1.2.0
63 silly idealTree +-- decompress-zip@0.0.8
63 silly idealTree | +-- graceful-fs@3.0.11
63 silly idealTree | +-- nopt@2.2.1
63 silly idealTree | `-- q@1.0.1
63 silly idealTree +-- deep-equal@0.1.2
63 silly idealTree +-- deep-extend@0.2.11
63 silly idealTree +-- deepmerge@0.2.10
63 silly idealTree +-- defaults@1.0.3
63 silly idealTree +-- defined@0.0.0
63 silly idealTree +-- del@1.2.1
63 silly idealTree | `-- object-assign@3.0.0
63 silly idealTree +-- delayed-stream@0.0.5
63 silly idealTree +-- depd@1.0.1
63 silly idealTree +-- deprecated@0.0.1
63 silly idealTree +-- deps-sort@0.1.2
63 silly idealTree | `-- JSONStream@0.6.4
63 silly idealTree |   `-- through@2.2.7
63 silly idealTree +-- derequire@0.8.0
63 silly idealTree | `-- esprima-fb@3001.1.0-dev-harmony-fb
63 silly idealTree +-- desktop.ini
63 silly idealTree +-- destroy@1.0.4
63 silly idealTree +-- detect-file@0.1.0
63 silly idealTree +-- detective@3.1.0
63 silly idealTree | `-- esprima-fb@3001.1.0-dev-harmony-fb
63 silly idealTree +-- domain-browser@1.1.7
63 silly idealTree +-- duplexer@0.1.1
63 silly idealTree +-- duplexer2@0.0.2
63 silly idealTree +-- each-async@1.1.1
63 silly idealTree +-- ecc-jsbn@0.1.1
63 silly idealTree +-- ee-first@1.1.1
63 silly idealTree +-- end-of-stream@0.1.5
63 silly idealTree | `-- once@1.3.3
63 silly idealTree +-- error-ex@1.3.1
63 silly idealTree +-- errorhandler@1.4.3
63 silly idealTree | +-- accepts@1.3.3
63 silly idealTree | `-- negotiator@0.6.1
63 silly idealTree +-- es5-ext@0.9.2
63 silly idealTree +-- escape-html@1.0.3
63 silly idealTree +-- escape-string-regexp@1.0.5
63 silly idealTree +-- escodegen@1.1.0
63 silly idealTree +-- escope@0.0.16
63 silly idealTree +-- esprima@1.0.4
63 silly idealTree +-- esrefactor@0.1.0
63 silly idealTree | `-- estraverse@0.0.4
63 silly idealTree +-- estraverse@1.5.1
63 silly idealTree +-- esutils@1.0.0
63 silly idealTree +-- etag@1.7.0
63 silly idealTree +-- event-emitter@0.2.2
63 silly idealTree +-- event-stream@3.3.4
63 silly idealTree +-- events@1.0.2
63 silly idealTree +-- expand-brackets@0.1.5
63 silly idealTree +-- expand-range@1.8.2
63 silly idealTree +-- expand-tilde@1.2.2
63 silly idealTree +-- express-session@1.11.3
63 silly idealTree | `-- uid-safe@2.0.0
63 silly idealTree +-- extend@3.0.0
63 silly idealTree +-- extglob@0.3.2
63 silly idealTree +-- extsprintf@1.0.2
63 silly idealTree +-- falafel@0.3.1
63 silly idealTree | `-- esprima@1.1.0-dev
63 silly idealTree +-- fancy-log@1.3.0
63 silly idealTree | +-- ansi-styles@2.2.1
63 silly idealTree | +-- chalk@1.1.3
63 silly idealTree | `-- strip-ansi@3.0.1
63 silly idealTree +-- faye-websocket@0.10.0
63 silly idealTree +-- filename-regex@2.0.0
63 silly idealTree +-- fill-range@2.2.3
63 silly idealTree +-- finalhandler@0.4.0
63 silly idealTree | `-- escape-html@1.0.2
63 silly idealTree +-- find-index@0.1.1
63 silly idealTree +-- find-up@1.1.2
63 silly idealTree +-- findup-sync@0.4.3
63 silly idealTree +-- fined@1.0.2
63 silly idealTree +-- first-chunk-stream@1.0.0
63 silly idealTree +-- flagged-respawn@0.3.2
63 silly idealTree +-- fobject@0.0.4
63 silly idealTree | +-- graceful-fs@4.1.11
63 silly idealTree | `-- semver@5.3.0
63 silly idealTree +-- for-in@1.0.2
63 silly idealTree +-- for-own@0.1.5
63 silly idealTree +-- forever-agent@0.5.2
63 silly idealTree +-- form-data@0.1.4
63 silly idealTree | `-- async@0.9.2
63 silly idealTree +-- fresh@0.3.0
63 silly idealTree +-- from@0.1.7
63 silly idealTree +-- fs-exists-sync@0.1.0
63 silly idealTree +-- fs-extra@0.9.1
63 silly idealTree | +-- minimist@0.0.8
63 silly idealTree | `-- mkdirp@0.5.1
63 silly idealTree +-- fs.realpath@1.0.0
63 silly idealTree +-- fstream-ignore@0.0.10
63 silly idealTree +-- fstream@0.1.31
63 silly idealTree | +-- graceful-fs@3.0.11
63 silly idealTree | +-- minimist@0.0.8
63 silly idealTree | `-- mkdirp@0.5.1
63 silly idealTree +-- gaze@0.5.2
63 silly idealTree +-- get-stdin@4.0.1
63 silly idealTree +-- getpass@0.1.6
63 silly idealTree | `-- assert-plus@1.0.0
63 silly idealTree +-- gh-pages@0.2.0
63 silly idealTree | +-- async@0.2.9
63 silly idealTree | +-- glob@4.0.6
63 silly idealTree | | `-- graceful-fs@3.0.11
63 silly idealTree | +-- graceful-fs@2.0.1
63 silly idealTree | +-- lodash@2.4.2
63 silly idealTree | +-- minimatch@1.0.0
63 silly idealTree | `-- q@1.0.1
63 silly idealTree +-- glob-base@0.3.0
63 silly idealTree +-- glob-parent@2.0.0
63 silly idealTree +-- glob-stream@3.1.18
63 silly idealTree | +-- glob@4.5.3
63 silly idealTree | +-- minimatch@2.0.10
63 silly idealTree | +-- readable-stream@1.0.34
63 silly idealTree | `-- through2@0.6.5
63 silly idealTree +-- glob-watcher@0.0.6
63 silly idealTree +-- glob@3.2.11
63 silly idealTree +-- glob2base@0.0.12
63 silly idealTree +-- global-modules@0.2.3
63 silly idealTree +-- global-prefix@0.1.5
63 silly idealTree | `-- which@1.2.14
63 silly idealTree +-- globby@2.1.0
63 silly idealTree | +-- async@1.5.2
63 silly idealTree | +-- glob@5.0.15
63 silly idealTree | +-- minimatch@3.0.3
63 silly idealTree | `-- object-assign@3.0.0
63 silly idealTree +-- globule@0.1.0
63 silly idealTree | +-- glob@3.1.21
63 silly idealTree | +-- graceful-fs@1.2.3
63 silly idealTree | +-- inherits@1.0.2
63 silly idealTree | +-- lodash@1.0.2
63 silly idealTree | `-- minimatch@0.2.14
63 silly idealTree +-- glogg@1.0.0
63 silly idealTree +-- graceful-fs@2.0.3
63 silly idealTree +-- gulp-autoprefixer@0.0.7
63 silly idealTree +-- gulp-browserify@0.5.1
63 silly idealTree | +-- through2@0.4.2
63 silly idealTree | | `-- readable-stream@1.0.34
63 silly idealTree | `-- xtend@2.1.2
63 silly idealTree +-- gulp-connect@2.3.1
63 silly idealTree | +-- ansi-styles@2.2.1
63 silly idealTree | +-- chalk@1.1.3
63 silly idealTree | +-- gulp-util@3.0.8
63 silly idealTree | +-- minimist@1.2.0
63 silly idealTree | +-- object-assign@3.0.0
63 silly idealTree | `-- strip-ansi@3.0.1
63 silly idealTree +-- gulp-csso@0.2.9
63 silly idealTree | `-- bufferstreams@0.0.2
63 silly idealTree +-- gulp-jade@0.6.1
63 silly idealTree | +-- readable-stream@1.0.34
63 silly idealTree | +-- through2@0.5.1
63 silly idealTree | `-- xtend@3.0.0
63 silly idealTree +-- gulp-plumber@0.6.6
63 silly idealTree | +-- ansi-styles@2.2.1
63 silly idealTree | +-- chalk@1.1.3
63 silly idealTree | +-- gulp-util@3.0.8
63 silly idealTree | | `-- through2@2.0.3
63 silly idealTree | +-- isarray@1.0.0
63 silly idealTree | +-- minimist@1.2.0
63 silly idealTree | +-- object-assign@3.0.0
63 silly idealTree | +-- readable-stream@2.2.9
63 silly idealTree | +-- string_decoder@1.0.0
63 silly idealTree | +-- strip-ansi@3.0.1
63 silly idealTree | `-- through2@0.6.5
63 silly idealTree |   +-- isarray@0.0.1
63 silly idealTree |   +-- readable-stream@1.0.34
63 silly idealTree |   `-- string_decoder@0.10.31
63 silly idealTree +-- gulp-rename@1.2.2
63 silly idealTree +-- gulp-stylus@1.3.7
63 silly idealTree | +-- ansi-styles@2.2.1
63 silly idealTree | +-- chalk@1.1.3
63 silly idealTree | +-- gulp-util@3.0.8
63 silly idealTree | | `-- through2@2.0.3
63 silly idealTree | +-- isarray@1.0.0
63 silly idealTree | +-- lodash@2.4.2
63 silly idealTree | +-- minimist@1.2.0
63 silly idealTree | +-- object-assign@3.0.0
63 silly idealTree | +-- readable-stream@2.2.9
63 silly idealTree | +-- string_decoder@1.0.0
63 silly idealTree | +-- strip-ansi@3.0.1
63 silly idealTree | `-- through2@0.6.5
63 silly idealTree |   +-- isarray@0.0.1
63 silly idealTree |   +-- readable-stream@1.0.34
63 silly idealTree |   `-- string_decoder@0.10.31
63 silly idealTree +-- gulp-uglify@0.3.2
63 silly idealTree | +-- ansi-styles@2.2.1
63 silly idealTree | +-- chalk@1.1.3
63 silly idealTree | +-- gulp-util@3.0.8
63 silly idealTree | | `-- through2@2.0.3
63 silly idealTree | +-- isarray@1.0.0
63 silly idealTree | +-- minimist@1.2.0
63 silly idealTree | +-- object-assign@3.0.0
63 silly idealTree | +-- optimist@0.3.7
63 silly idealTree | +-- readable-stream@2.2.9
63 silly idealTree | +-- string_decoder@1.0.0
63 silly idealTree | +-- strip-ansi@3.0.1
63 silly idealTree | +-- through2@0.6.5
63 silly idealTree | | +-- isarray@0.0.1
63 silly idealTree | | +-- readable-stream@1.0.34
63 silly idealTree | | `-- string_decoder@0.10.31
63 silly idealTree | `-- uglify-js@2.4.6
63 silly idealTree +-- gulp-util@2.2.20
63 silly idealTree | +-- ansi-regex@0.2.1
63 silly idealTree | +-- ansi-styles@1.1.0
63 silly idealTree | +-- chalk@0.5.1
63 silly idealTree | +-- dateformat@1.0.12
63 silly idealTree | +-- has-ansi@0.1.0
63 silly idealTree | +-- lodash._reinterpolate@2.4.1
63 silly idealTree | +-- lodash.escape@2.4.1
63 silly idealTree | +-- lodash.keys@2.4.1
63 silly idealTree | +-- lodash.template@2.4.1
63 silly idealTree | +-- lodash.templatesettings@2.4.1
63 silly idealTree | +-- minimist@0.2.0
63 silly idealTree | +-- readable-stream@1.0.34
63 silly idealTree | +-- strip-ansi@0.3.0
63 silly idealTree | +-- supports-color@0.2.0
63 silly idealTree | +-- through2@0.5.1
63 silly idealTree | +-- vinyl@0.2.3
63 silly idealTree | `-- xtend@3.0.0
63 silly idealTree +-- gulp@3.9.1
63 silly idealTree | +-- ansi-styles@2.2.1
63 silly idealTree | +-- archy@1.0.0
63 silly idealTree | +-- chalk@1.1.3
63 silly idealTree | +-- gulp-util@3.0.8
63 silly idealTree | +-- minimist@1.2.0
63 silly idealTree | +-- object-assign@3.0.0
63 silly idealTree | +-- semver@4.3.6
63 silly idealTree | `-- strip-ansi@3.0.1
63 silly idealTree +-- gulplog@1.0.0
63 silly idealTree +-- handlebars@1.0.12
63 silly idealTree | `-- optimist@0.3.7
63 silly idealTree +-- har-schema@1.0.5
63 silly idealTree +-- har-validator@4.2.1
63 silly idealTree +-- has-ansi@2.0.0
63 silly idealTree +-- has-color@0.1.7
63 silly idealTree +-- has-gulplog@0.1.0
63 silly idealTree +-- hawk@1.0.0
63 silly idealTree +-- hoek@0.9.1
63 silly idealTree +-- homedir-polyfill@1.0.1
63 silly idealTree +-- hosted-git-info@2.4.2
63 silly idealTree +-- http-browserify@1.3.2
63 silly idealTree +-- http-errors@1.3.1
63 silly idealTree +-- http-signature@0.10.1
63 silly idealTree +-- https-browserify@0.0.1
63 silly idealTree +-- iconv-lite@0.4.11
63 silly idealTree +-- ieee754@1.1.8
63 silly idealTree +-- indent-string@2.1.0
63 silly idealTree +-- indexof@0.0.1
63 silly idealTree +-- indx@0.2.3
63 silly idealTree +-- inflight@1.0.6
63 silly idealTree +-- inherits@2.0.3
63 silly idealTree +-- ini@1.3.4
63 silly idealTree +-- inline-source-map@0.3.1
63 silly idealTree | `-- source-map@0.3.0
63 silly idealTree +-- inquirer@0.3.5
63 silly idealTree +-- insert-css@0.2.0
63 silly idealTree +-- insert-module-globals@6.0.0
63 silly idealTree | +-- process@0.6.0
63 silly idealTree | `-- xtend@3.0.0
63 silly idealTree +-- interpret@1.0.3
63 silly idealTree +-- intersect@0.0.3
63 silly idealTree +-- is-absolute@0.2.6
63 silly idealTree +-- is-arrayish@0.2.1
63 silly idealTree +-- is-buffer@1.1.5
63 silly idealTree +-- is-builtin-module@1.0.0
63 silly idealTree +-- is-dotfile@1.0.2
63 silly idealTree +-- is-equal-shallow@0.1.3
63 silly idealTree +-- is-extendable@0.1.1
63 silly idealTree +-- is-extglob@1.0.0
63 silly idealTree +-- is-finite@1.0.2
63 silly idealTree +-- is-glob@2.0.1
63 silly idealTree +-- is-number@2.1.0
63 silly idealTree +-- is-path-cwd@1.0.0
63 silly idealTree +-- is-path-in-cwd@1.0.0
63 silly idealTree +-- is-path-inside@1.0.0
63 silly idealTree +-- is-posix-bracket@0.1.1
63 silly idealTree +-- is-primitive@2.0.0
63 silly idealTree +-- is-promise@1.0.1
63 silly idealTree +-- is-relative@0.2.1
63 silly idealTree +-- is-typedarray@1.0.0
63 silly idealTree +-- is-unc-path@0.1.2
63 silly idealTree +-- is-utf8@0.2.1
63 silly idealTree +-- is-windows@0.2.0
63 silly idealTree +-- isarray@0.0.1
63 silly idealTree +-- isexe@2.0.0
63 silly idealTree +-- isobject@2.1.0
63 silly idealTree | `-- isarray@1.0.0
63 silly idealTree +-- isstream@0.1.2
63 silly idealTree +-- jade@1.3.1
63 silly idealTree +-- jodid25519@1.0.2
63 silly idealTree +-- js-yaml@3.8.3
63 silly idealTree | `-- esprima@3.1.3
63 silly idealTree +-- jsbn@0.1.1
63 silly idealTree +-- json-schema@0.2.3
63 silly idealTree +-- json-stable-stringify@1.0.1
63 silly idealTree +-- json-stringify-safe@5.0.1
63 silly idealTree +-- jsonfile@1.1.1
63 silly idealTree +-- jsonify@0.0.0
63 silly idealTree +-- jsonparse@0.0.5
63 silly idealTree +-- JSONStream@0.7.4
63 silly idealTree +-- jsprim@1.4.0
63 silly idealTree | `-- assert-plus@1.0.0
63 silly idealTree +-- junk@0.2.2
63 silly idealTree +-- kind-of@3.1.0
63 silly idealTree +-- lexical-scope@1.1.1
63 silly idealTree +-- liftoff@2.3.0
63 silly idealTree +-- livereload-js@2.2.2
63 silly idealTree +-- load-json-file@1.1.0
63 silly idealTree | +-- graceful-fs@4.1.11
63 silly idealTree | `-- strip-bom@2.0.0
63 silly idealTree +-- lodash._basecopy@3.0.1
63 silly idealTree +-- lodash._basetostring@3.0.1
63 silly idealTree +-- lodash._basevalues@3.0.0
63 silly idealTree +-- lodash._escapehtmlchar@2.4.1
63 silly idealTree +-- lodash._escapestringchar@2.4.1
63 silly idealTree +-- lodash._getnative@3.9.1
63 silly idealTree +-- lodash._htmlescapes@2.4.1
63 silly idealTree +-- lodash._isiterateecall@3.0.9
63 silly idealTree +-- lodash._isnative@2.4.1
63 silly idealTree +-- lodash._objecttypes@2.4.1
63 silly idealTree +-- lodash._reescape@3.0.0
63 silly idealTree +-- lodash._reevaluate@3.0.0
63 silly idealTree +-- lodash._reinterpolate@3.0.0
63 silly idealTree +-- lodash._reunescapedhtml@2.4.1
63 silly idealTree | `-- lodash.keys@2.4.1
63 silly idealTree +-- lodash._root@3.0.1
63 silly idealTree +-- lodash._shimkeys@2.4.1
63 silly idealTree +-- lodash.assignwith@4.2.0
63 silly idealTree +-- lodash.defaults@2.4.1
63 silly idealTree | `-- lodash.keys@2.4.1
63 silly idealTree +-- lodash.escape@3.2.0
63 silly idealTree +-- lodash.isarguments@3.1.0
63 silly idealTree +-- lodash.isarray@3.0.4
63 silly idealTree +-- lodash.isempty@4.4.0
63 silly idealTree +-- lodash.isobject@2.4.1
63 silly idealTree +-- lodash.isplainobject@4.0.6
63 silly idealTree +-- lodash.isstring@4.0.1
63 silly idealTree +-- lodash.keys@3.1.2
63 silly idealTree +-- lodash.mapvalues@4.6.0
63 silly idealTree +-- lodash.pick@4.4.0
63 silly idealTree +-- lodash.restparam@3.6.1
63 silly idealTree +-- lodash.template@3.6.2
63 silly idealTree +-- lodash.templatesettings@3.1.1
63 silly idealTree +-- lodash.values@2.4.1
63 silly idealTree | `-- lodash.keys@2.4.1
63 silly idealTree +-- lodash@1.2.1
63 silly idealTree +-- loud-rejection@1.6.0
63 silly idealTree +-- lru-cache@2.3.1
63 silly idealTree +-- map-cache@0.2.2
63 silly idealTree +-- map-obj@1.0.1
63 silly idealTree +-- map-stream@0.1.0
63 silly idealTree +-- media-typer@0.3.0
63 silly idealTree +-- memoizee@0.2.6
63 silly idealTree +-- meow@3.7.0
63 silly idealTree | +-- minimist@1.2.0
63 silly idealTree | `-- object-assign@4.1.1
63 silly idealTree +-- method-override@2.3.8
63 silly idealTree | +-- debug@2.6.3
63 silly idealTree | +-- ms@0.7.2
63 silly idealTree | `-- vary@1.1.1
63 silly idealTree +-- methods@1.1.2
63 silly idealTree +-- micromatch@2.3.11
63 silly idealTree +-- mime-db@1.27.0
63 silly idealTree +-- mime-types@2.1.15
63 silly idealTree +-- mime@1.2.11
63 silly idealTree +-- mimeparse@0.1.4
63 silly idealTree +-- minimatch@0.3.0
63 silly idealTree +-- minimist@0.0.10
63 silly idealTree +-- mkdirp@0.3.5
63 silly idealTree +-- mkpath@0.1.0
63 silly idealTree +-- module-deps@2.0.6
63 silly idealTree | +-- parents@0.0.2
63 silly idealTree | +-- resolve@0.6.3
63 silly idealTree | +-- stream-combiner@0.1.0
63 silly idealTree | +-- through2@0.4.2
63 silly idealTree | | `-- readable-stream@1.0.34
63 silly idealTree | `-- xtend@2.1.2
63 silly idealTree +-- monocle@1.1.51
63 silly idealTree +-- morgan@1.6.1
63 silly idealTree +-- mout@0.7.1
63 silly idealTree +-- ms@0.7.1
63 silly idealTree +-- multiparty@3.3.2
63 silly idealTree +-- multipipe@0.1.2
63 silly idealTree +-- mute-stream@0.0.3
63 silly idealTree +-- natives@1.1.0
63 silly idealTree +-- ncp@0.5.1
63 silly idealTree +-- negotiator@0.5.3
63 silly idealTree +-- next-tick@0.1.0
63 silly idealTree +-- node-uuid@1.4.8
63 silly idealTree +-- nopt@2.1.2
63 silly idealTree +-- normalize-package-data@2.3.6
63 silly idealTree +-- normalize-path@2.1.1
63 silly idealTree +-- normalizecss@3.0.0
63 silly idealTree +-- number-is-nan@1.0.1
63 silly idealTree +-- oauth-sign@0.3.0
63 silly idealTree +-- object-assign@2.1.1
63 silly idealTree +-- object-keys@0.4.0
63 silly idealTree +-- object.omit@2.0.1
63 silly idealTree +-- on-finished@2.3.0
63 silly idealTree +-- on-headers@1.0.1
63 silly idealTree +-- once@1.4.0
63 silly idealTree +-- onetime@1.1.0
63 silly idealTree +-- open@0.0.5
63 silly idealTree +-- opn@0.1.2
63 silly idealTree +-- optimist@0.6.1
63 silly idealTree +-- orchestrator@0.3.8
63 silly idealTree +-- ordered-read-streams@0.1.0
63 silly idealTree +-- os-browserify@0.1.2
63 silly idealTree +-- os-homedir@1.0.2
63 silly idealTree +-- os-tmpdir@1.0.2
63 silly idealTree +-- osenv@0.0.3
63 silly idealTree +-- p-throttler@0.0.1
63 silly idealTree +-- pako@0.2.9
63 silly idealTree +-- parents@0.0.3
63 silly idealTree +-- parse-filepath@1.0.1
63 silly idealTree +-- parse-glob@3.0.4
63 silly idealTree +-- parse-json@2.2.0
63 silly idealTree +-- parse-passwd@1.0.0
63 silly idealTree +-- parseurl@1.3.1
63 silly idealTree +-- path-browserify@0.0.0
63 silly idealTree +-- path-exists@2.1.0
63 silly idealTree +-- path-is-absolute@1.0.1
63 silly idealTree +-- path-is-inside@1.0.2
63 silly idealTree +-- path-parse@1.0.5
63 silly idealTree +-- path-platform@0.0.1
63 silly idealTree +-- path-root-regex@0.1.2
63 silly idealTree +-- path-root@0.1.1
63 silly idealTree +-- path-type@1.1.0
63 silly idealTree | `-- graceful-fs@4.1.11
63 silly idealTree +-- pause-stream@0.0.11
63 silly idealTree +-- pause@0.1.0
63 silly idealTree +-- performance-now@0.2.0
63 silly idealTree +-- pify@2.3.0
63 silly idealTree +-- pinkie-promise@2.0.1
63 silly idealTree +-- pinkie@2.0.4
63 silly idealTree +-- postcss@0.3.5
63 silly idealTree +-- preserve@0.2.0
63 silly idealTree +-- pretty-hrtime@1.0.3
63 silly idealTree +-- process-nextick-args@1.0.7
63 silly idealTree +-- process@0.7.0
63 silly idealTree +-- promise@2.0.0
63 silly idealTree +-- promptly@0.2.1
63 silly idealTree +-- punycode@1.4.1
63 silly idealTree +-- q-io@1.11.6
63 silly idealTree | +-- q@1.5.0
63 silly idealTree | `-- qs@1.2.2
63 silly idealTree +-- q@0.9.7
63 silly idealTree +-- qs@0.6.6
63 silly idealTree +-- querystring-es3@0.2.0
63 silly idealTree +-- querystring@0.2.0
63 silly idealTree +-- random-bytes@1.0.0
63 silly idealTree +-- randomatic@1.1.6
63 silly idealTree +-- range-parser@1.0.3
63 silly idealTree +-- raw-body@2.1.7
63 silly idealTree | +-- bytes@2.4.0
63 silly idealTree | `-- iconv-lite@0.4.13
63 silly idealTree +-- read-pkg-up@1.0.1
63 silly idealTree +-- read-pkg@1.1.0
63 silly idealTree +-- read@1.0.7
63 silly idealTree | `-- mute-stream@0.0.7
63 silly idealTree +-- readable-stream@1.1.14
63 silly idealTree +-- readdirp@0.2.5
63 silly idealTree +-- rechoir@0.6.2
63 silly idealTree +-- redent@1.0.0
63 silly idealTree +-- redeyed@0.4.4
63 silly idealTree +-- regex-cache@0.4.3
63 silly idealTree +-- remove-trailing-separator@1.0.1
63 silly idealTree +-- repeat-element@1.1.2
63 silly idealTree +-- repeat-string@1.6.1
63 silly idealTree +-- repeating@2.0.1
63 silly idealTree +-- replace-ext@0.0.1
63 silly idealTree +-- request-progress@0.3.1
63 silly idealTree +-- request-replay@0.2.0
63 silly idealTree +-- request@2.27.0
63 silly idealTree +-- resolve-dir@0.1.1
63 silly idealTree +-- resolve@1.3.2
63 silly idealTree +-- response-time@2.3.2
63 silly idealTree | `-- depd@1.1.0
63 silly idealTree +-- retry@0.6.1
63 silly idealTree +-- rfile@1.0.0
63 silly idealTree | `-- resolve@0.3.1
63 silly idealTree +-- rimraf@2.2.8
63 silly idealTree +-- rndm@1.2.0
63 silly idealTree +-- ruglify@1.0.0
63 silly idealTree | +-- optimist@0.3.7
63 silly idealTree | `-- uglify-js@2.2.5
63 silly idealTree +-- safe-buffer@5.0.1
63 silly idealTree +-- sax@0.5.8
63 silly idealTree +-- semver@2.1.0
63 silly idealTree +-- send@0.13.2
63 silly idealTree | +-- depd@1.1.0
63 silly idealTree | +-- mime@1.3.4
63 silly idealTree | `-- statuses@1.2.1
63 silly idealTree +-- sequencify@0.0.7
63 silly idealTree +-- serve-favicon@2.3.2
63 silly idealTree | `-- ms@0.7.2
63 silly idealTree +-- serve-index@1.7.3
63 silly idealTree +-- serve-static@1.10.3
63 silly idealTree +-- set-immediate-shim@1.0.1
63 silly idealTree +-- shallow-copy@0.0.1
63 silly idealTree +-- shell-quote@0.0.1
63 silly idealTree +-- sigmund@1.0.1
63 silly idealTree +-- signal-exit@3.0.2
63 silly idealTree +-- sntp@0.2.4
63 silly idealTree +-- source-map@0.1.43
63 silly idealTree +-- sparkles@1.0.0
63 silly idealTree +-- spdx-correct@1.0.2
63 silly idealTree +-- spdx-expression-parse@1.0.4
63 silly idealTree +-- spdx-license-ids@1.2.2
63 silly idealTree +-- split@0.3.3
63 silly idealTree +-- sprintf-js@1.0.3
63 silly idealTree +-- sshpk@1.13.0
63 silly idealTree | +-- asn1@0.2.3
63 silly idealTree | `-- assert-plus@1.0.0
63 silly idealTree +-- statuses@1.3.1
63 silly idealTree +-- stream-browserify@0.1.3
63 silly idealTree | `-- process@0.5.2
63 silly idealTree +-- stream-combiner@0.0.4
63 silly idealTree +-- stream-consume@0.1.0
63 silly idealTree +-- stream-counter@0.2.0
63 silly idealTree +-- string_decoder@0.10.31
63 silly idealTree +-- stringify-object@0.1.8
63 silly idealTree +-- stringstream@0.0.5
63 silly idealTree +-- strip-ansi@0.1.1
63 silly idealTree +-- strip-bom@1.0.0
63 silly idealTree +-- strip-indent@1.0.1
63 silly idealTree +-- stylus@0.54.5
63 silly idealTree | +-- css-parse@1.7.0
63 silly idealTree | +-- glob@7.0.6
63 silly idealTree | +-- minimatch@3.0.3
63 silly idealTree | +-- minimist@0.0.8
63 silly idealTree | `-- mkdirp@0.5.1
63 silly idealTree +-- subarg@0.0.1
63 silly idealTree +-- sudo-block@0.2.1
63 silly idealTree | +-- ansi-styles@0.1.2
63 silly idealTree | `-- chalk@0.1.1
63 silly idealTree +-- supports-color@2.0.0
63 silly idealTree +-- syntax-error@1.1.6
63 silly idealTree | `-- acorn@2.7.0
63 silly idealTree +-- tar@0.1.20
63 silly idealTree +-- throttleit@0.0.2
63 silly idealTree +-- through@2.3.8
63 silly idealTree +-- through2@2.0.3
63 silly idealTree | +-- isarray@1.0.0
63 silly idealTree | +-- readable-stream@2.2.9
63 silly idealTree | `-- string_decoder@1.0.0
63 silly idealTree +-- tildify@1.2.0
63 silly idealTree +-- time-stamp@1.0.1
63 silly idealTree +-- timers-browserify@1.0.3
63 silly idealTree | `-- process@0.5.2
63 silly idealTree +-- tiny-lr@0.2.1
63 silly idealTree | +-- body-parser@1.14.2
63 silly idealTree | | `-- qs@5.2.0
63 silly idealTree | +-- bytes@2.2.0
63 silly idealTree | +-- depd@1.1.0
63 silly idealTree | +-- iconv-lite@0.4.13
63 silly idealTree | `-- qs@5.1.0
63 silly idealTree +-- tmp@0.0.31
63 silly idealTree +-- touch@0.0.2
63 silly idealTree | `-- nopt@1.0.10
63 silly idealTree +-- tough-cookie@2.3.2
63 silly idealTree +-- transformers@2.1.0
63 silly idealTree | +-- optimist@0.3.7
63 silly idealTree | `-- uglify-js@2.2.5
63 silly idealTree +-- traverse@0.3.9
63 silly idealTree +-- trim-newlines@1.0.0
63 silly idealTree +-- tsscmp@1.0.5
63 silly idealTree +-- tty-browserify@0.0.0
63 silly idealTree +-- tunnel-agent@0.3.0
63 silly idealTree +-- tweetnacl@0.14.5
63 silly idealTree +-- type-is@1.6.15
63 silly idealTree +-- typedarray@0.0.6
63 silly idealTree +-- uglify-js@2.3.6
63 silly idealTree | `-- optimist@0.3.7
63 silly idealTree +-- uglify-to-browserify@1.0.2
63 silly idealTree +-- uid-safe@2.1.4
63 silly idealTree +-- umd@2.0.0
63 silly idealTree | +-- source-map@0.1.34
63 silly idealTree | `-- uglify-js@2.4.24
63 silly idealTree +-- unc-path-regex@0.1.2
63 silly idealTree +-- unique-stream@1.0.0
63 silly idealTree +-- unpipe@1.0.0
63 silly idealTree +-- update-notifier@0.1.10
63 silly idealTree | +-- ansi-styles@1.0.0
63 silly idealTree | +-- assert-plus@0.2.0
63 silly idealTree | +-- boom@2.10.1
63 silly idealTree | +-- chalk@0.4.0
63 silly idealTree | +-- combined-stream@1.0.5
63 silly idealTree | +-- cryptiles@2.0.5
63 silly idealTree | +-- delayed-stream@1.0.0
63 silly idealTree | +-- forever-agent@0.6.1
63 silly idealTree | +-- form-data@2.1.4
63 silly idealTree | +-- hawk@3.1.3
63 silly idealTree | +-- hoek@2.16.3
63 silly idealTree | +-- http-signature@1.1.1
63 silly idealTree | +-- oauth-sign@0.8.2
63 silly idealTree | +-- qs@6.4.0
63 silly idealTree | +-- request@2.81.0
63 silly idealTree | +-- semver@2.3.2
63 silly idealTree | +-- sntp@1.0.9
63 silly idealTree | +-- tunnel-agent@0.6.0
63 silly idealTree | `-- uuid@3.0.1
63 silly idealTree +-- url@0.10.3
63 silly idealTree | `-- punycode@1.3.2
63 silly idealTree +-- url2@0.0.0
63 silly idealTree +-- user-home@1.1.1
63 silly idealTree +-- util-deprecate@1.0.2
63 silly idealTree +-- util@0.10.3
63 silly idealTree | `-- inherits@2.0.1
63 silly idealTree +-- utils-merge@1.0.0
63 silly idealTree +-- uuid@2.0.3
63 silly idealTree +-- v8flags@2.1.0
63 silly idealTree +-- validate-npm-package-license@3.0.1
63 silly idealTree +-- vary@1.0.1
63 silly idealTree +-- verror@1.3.6
63 silly idealTree +-- vhost@3.0.2
63 silly idealTree +-- vinyl-fs@0.3.14
63 silly idealTree | +-- clone@0.2.0
63 silly idealTree | +-- graceful-fs@3.0.11
63 silly idealTree | +-- minimist@0.0.8
63 silly idealTree | +-- mkdirp@0.5.1
63 silly idealTree | +-- readable-stream@1.0.34
63 silly idealTree | +-- through2@0.6.5
63 silly idealTree | `-- vinyl@0.4.6
63 silly idealTree +-- vinyl@0.5.3
63 silly idealTree +-- vm-browserify@0.0.4
63 silly idealTree +-- weak-map@1.0.0
63 silly idealTree +-- websocket-driver@0.6.5
63 silly idealTree +-- websocket-extensions@0.1.1
63 silly idealTree +-- when@3.7.8
63 silly idealTree +-- which@1.0.9
63 silly idealTree +-- window-size@0.1.0
63 silly idealTree +-- with@3.0.1
63 silly idealTree | +-- source-map@0.1.34
63 silly idealTree | `-- uglify-js@2.4.24
63 silly idealTree +-- wordwrap@0.0.3
63 silly idealTree +-- wrappy@1.0.2
63 silly idealTree +-- wrench@1.5.1
63 silly idealTree +-- xdg-basedir@1.0.1
63 silly idealTree +-- xtend@4.0.1
63 silly idealTree `-- yargs@3.5.4
63 silly idealTree   +-- camelcase@1.2.1
63 silly idealTree   `-- wordwrap@0.0.2
64 silly generateActionsToTake Starting
65 silly install generateActionsToTake
66 silly generateActionsToTake Finishing
67 silly diffTrees action count 1
68 silly diffTrees add bespoke-bullets@1.1.0
69 silly decomposeActions action count 8
70 silly decomposeActions fetch bespoke-bullets@1.1.0
71 silly decomposeActions extract bespoke-bullets@1.1.0
72 silly decomposeActions test bespoke-bullets@1.1.0
73 silly decomposeActions preinstall bespoke-bullets@1.1.0
74 silly decomposeActions build bespoke-bullets@1.1.0
75 silly decomposeActions install bespoke-bullets@1.1.0
76 silly decomposeActions postinstall bespoke-bullets@1.1.0
77 silly decomposeActions finalize bespoke-bullets@1.1.0
78 silly executeActions Starting
79 silly install executeActions
80 silly doSerial global-install 0
81 silly doParallel fetch 1
82 verbose correctMkdir C:\Users\alexa\AppData\Roaming\npm-cache\_locks correctMkdir not in flight; initializing
83 verbose lock using C:\Users\alexa\AppData\Roaming\npm-cache\_locks\staging-e457f7d3726b2042.lock for E:\Program Files\Google Drive\Schoolwork\nminteractiveiii\USA TODAY\comps\presentation\node_modules\.staging
84 verbose unlock done using C:\Users\alexa\AppData\Roaming\npm-cache\_locks\staging-e457f7d3726b2042.lock for E:\Program Files\Google Drive\Schoolwork\nminteractiveiii\USA TODAY\comps\presentation\node_modules\.staging
85 silly rollbackFailedOptional Starting
86 silly rollbackFailedOptional Finishing
87 silly runTopLevelLifecycles Starting
88 silly runTopLevelLifecycles Finishing
89 silly install printInstalled
90 warn presentation-usa-today@0.0.0 No repository field.
91 warn presentation-usa-today@0.0.0 No license field.
92 verbose stack Error: EPERM: operation not permitted, rmdir 'E:\Program Files\Google Drive\Schoolwork\nminteractiveiii\USA TODAY\comps\presentation\node_modules\.staging'
92 verbose stack     at Error (native)
93 verbose cwd E:\Program Files\Google Drive\Schoolwork\nminteractiveiii\USA TODAY\comps\presentation
94 error Windows_NT 10.0.14393
95 error argv "C:\\Program Files\\nodejs\\node.exe" "C:\\Program Files\\nodejs\\node_modules\\npm\\bin\\npm-cli.js" "install"
96 error node v6.5.0
97 error npm  v3.10.3
98 error path E:\Program Files\Google Drive\Schoolwork\nminteractiveiii\USA TODAY\comps\presentation\node_modules\.staging
99 error code EPERM
100 error errno -4048
101 error syscall rmdir
102 error Error: EPERM: operation not permitted, rmdir 'E:\Program Files\Google Drive\Schoolwork\nminteractiveiii\USA TODAY\comps\presentation\node_modules\.staging'
102 error     at Error (native)
102 error  { Error: EPERM: operation not permitted, rmdir 'E:\Program Files\Google Drive\Schoolwork\nminteractiveiii\USA TODAY\comps\presentation\node_modules\.staging'
102 error     at Error (native)
102 error   errno: -4048,
102 error   code: 'EPERM',
102 error   syscall: 'rmdir',
102 error   path: 'E:\\Program Files\\Google Drive\\Schoolwork\\nminteractiveiii\\USA TODAY\\comps\\presentation\\node_modules\\.staging' }
103 error Please try running this command again as root/Administrator.
104 verbose exit [ -4048, true ]
